[    0.000000] Initializing cgroup subsys cpuset
[    0.000000] Initializing cgroup subsys cpu
[    0.000000] Initializing cgroup subsys cpuacct
[    0.000000] Linux version 4.4.0-184-generic (buildd@lgw01-amd64-060) (gcc version 5.4.0 20160609 (Ubuntu 5.4.0-6ubuntu1~16.04.12) ) #214-Ubuntu SMP Thu Jun 4 10:14:11 UTC 2020 (Ubuntu 4.4.0-184.214-generic 4.4.223)
[    0.000000] Command line: BOOT_IMAGE=/boot/vmlinuz-4.4.0-184-generic root=UUID=192d06b6-e349-4f6a-8a7f-d24502f1e7cd ro console=tty1 console=ttyS0
[    0.000000] KERNEL supported cpus:
[    0.000000]   Intel GenuineIntel
[    0.000000]   AMD AuthenticAMD
[    0.000000]   Centaur CentaurHauls
[    0.000000] x86/fpu: Legacy x87 FPU detected.
[    0.000000] e820: BIOS-provided physical RAM map:
[    0.000000] BIOS-e820: [mem 0x0000000000000000-0x000000000009fbff] usable
[    0.000000] BIOS-e820: [mem 0x000000000009fc00-0x000000000009ffff] reserved
[    0.000000] BIOS-e820: [mem 0x00000000000f0000-0x00000000000fffff] reserved
[    0.000000] BIOS-e820: [mem 0x0000000000100000-0x000000007ffeffff] usable
[    0.000000] BIOS-e820: [mem 0x000000007fff0000-0x000000007fffffff] ACPI data
[    0.000000] BIOS-e820: [mem 0x00000000fec00000-0x00000000fec00fff] reserved
[    0.000000] BIOS-e820: [mem 0x00000000fee00000-0x00000000fee00fff] reserved
[    0.000000] BIOS-e820: [mem 0x00000000fffc0000-0x00000000ffffffff] reserved
[    0.000000] NX (Execute Disable) protection: active
[    0.000000] SMBIOS 2.5 present.
[    0.000000] Hypervisor detected: KVM
[    0.000000] e820: last_pfn = 0x7fff0 max_arch_pfn = 0x400000000
[    0.000000] MTRR: Disabled
[    0.000000] x86/PAT: MTRRs disabled, skipping PAT initialization too.
[    0.000000] CPU MTRRs all blank - virtualized system.
[    0.000000] x86/PAT: Configuration [0-7]: WB  WT  UC- UC  WB  WT  UC- UC  
[    0.000000] found SMP MP-table at [mem 0x0009fff0-0x0009ffff] mapped at [ffff88000009fff0]
[    0.000000] Scanning 1 areas for low memory corruption
[    0.000000] RAMDISK: [mem 0x361ca000-0x370dcfff]
[    0.000000] ACPI: Early table checksum verification disabled
[    0.000000] ACPI: RSDP 0x00000000000E0000 000024 (v02 VBOX  )
[    0.000000] ACPI: XSDT 0x000000007FFF0030 00003C (v01 VBOX   VBOXXSDT 00000001 ASL  00000061)
[    0.000000] ACPI: FACP 0x000000007FFF00F0 0000F4 (v04 VBOX   VBOXFACP 00000001 ASL  00000061)
[    0.000000] ACPI: DSDT 0x000000007FFF0470 002325 (v02 VBOX   VBOXBIOS 00000002 INTL 20100528)
[    0.000000] ACPI: FACS 0x000000007FFF0200 000040
[    0.000000] ACPI: FACS 0x000000007FFF0200 000040
[    0.000000] ACPI: APIC 0x000000007FFF0240 00005C (v02 VBOX   VBOXAPIC 00000001 ASL  00000061)
[    0.000000] ACPI: SSDT 0x000000007FFF02A0 0001CC (v01 VBOX   VBOXCPUT 00000002 INTL 20100528)
[    0.000000] No NUMA configuration found
[    0.000000] Faking a node at [mem 0x0000000000000000-0x000000007ffeffff]
[    0.000000] NODE_DATA(0) allocated [mem 0x7ffeb000-0x7ffeffff]
[    0.000000] kvm-clock: Using msrs 4b564d01 and 4b564d00
[    0.000000] kvm-clock: cpu 0, msr 0:7ffe3001, primary cpu clock
[    0.000000] kvm-clock: using sched offset of 4586274811 cycles
[    0.000000] clocksource: kvm-clock: mask: 0xffffffffffffffff max_cycles: 0x1cd42e4dffb, max_idle_ns: 881590591483 ns
[    0.000000] Zone ranges:
[    0.000000]   DMA      [mem 0x0000000000001000-0x0000000000ffffff]
[    0.000000]   DMA32    [mem 0x0000000001000000-0x000000007ffeffff]
[    0.000000]   Normal   empty
[    0.000000]   Device   empty
[    0.000000] Movable zone start for each node
[    0.000000] Early memory node ranges
[    0.000000]   node   0: [mem 0x0000000000001000-0x000000000009efff]
[    0.000000]   node   0: [mem 0x0000000000100000-0x000000007ffeffff]
[    0.000000] Initmem setup node 0 [mem 0x0000000000001000-0x000000007ffeffff]
[    0.000000] ACPI: PM-Timer IO Port: 0x4008
[    0.000000] IOAPIC[0]: apic_id 2, version 32, address 0xfec00000, GSI 0-23
[    0.000000] ACPI: INT_SRC_OVR (bus 0 bus_irq 0 global_irq 2 dfl dfl)
[    0.000000] ACPI: INT_SRC_OVR (bus 0 bus_irq 9 global_irq 9 low level)
[    0.000000] Using ACPI (MADT) for SMP configuration information
[    0.000000] smpboot: Allowing 2 CPUs, 0 hotplug CPUs
[    0.000000] PM: Registered nosave memory: [mem 0x00000000-0x00000fff]
[    0.000000] PM: Registered nosave memory: [mem 0x0009f000-0x0009ffff]
[    0.000000] PM: Registered nosave memory: [mem 0x000a0000-0x000effff]
[    0.000000] PM: Registered nosave memory: [mem 0x000f0000-0x000fffff]
[    0.000000] e820: [mem 0x80000000-0xfebfffff] available for PCI devices
[    0.000000] Booting paravirtualized kernel on KVM
[    0.000000] clocksource: refined-jiffies: mask: 0xffffffff max_cycles: 0xffffffff, max_idle_ns: 7645519600211568 ns
[    0.000000] setup_percpu: NR_CPUS:512 nr_cpumask_bits:512 nr_cpu_ids:2 nr_node_ids:1
[    0.000000] PERCPU: Embedded 33 pages/cpu @ffff88007fc00000 s95448 r8192 d31528 u1048576
[    0.000000] Built 1 zonelists in Node order, mobility grouping on.  Total pages: 515960
[    0.000000] Policy zone: DMA32
[    0.000000] Kernel command line: BOOT_IMAGE=/boot/vmlinuz-4.4.0-184-generic root=UUID=192d06b6-e349-4f6a-8a7f-d24502f1e7cd ro console=tty1 console=ttyS0
[    0.000000] PID hash table entries: 4096 (order: 3, 32768 bytes)
[    0.000000] Memory: 2029304K/2096696K available (8632K kernel code, 1336K rwdata, 4036K rodata, 1492K init, 1292K bss, 67392K reserved, 0K cma-reserved)
[    0.000000] SLUB: HWalign=64, Order=0-3, MinObjects=0, CPUs=2, Nodes=1
[    0.000000] Kernel/User page tables isolation: enabled
[    0.000000] Hierarchical RCU implementation.
[    0.000000] 	Build-time adjustment of leaf fanout to 64.
[    0.000000] 	RCU restricting CPUs from NR_CPUS=512 to nr_cpu_ids=2.
[    0.000000] RCU: Adjusting geometry for rcu_fanout_leaf=64, nr_cpu_ids=2
[    0.000000] NR_IRQS:33024 nr_irqs:440 16
[    0.000000] Console: colour VGA+ 80x25
[    0.000000] console [tty1] enabled
[    0.000000] console [ttyS0] enabled
[    0.000000] tsc: Detected 3403.344 MHz processor
[    1.069990] Calibrating delay loop (skipped) preset value.. 6806.68 BogoMIPS (lpj=13613376)
[    1.082109] pid_max: default: 32768 minimum: 301
[    1.086766] ACPI: Core revision 20150930
[    1.093032] ACPI: 2 ACPI AML tables successfully acquired and loaded
[    1.101899] Security Framework initialized
[    1.107022] Yama: becoming mindful.
[    1.111310] AppArmor: AppArmor initialized
[    1.117133] Dentry cache hash table entries: 262144 (order: 9, 2097152 bytes)
[    1.144569] Inode-cache hash table entries: 131072 (order: 8, 1048576 bytes)
[    1.163558] Mount-cache hash table entries: 4096 (order: 3, 32768 bytes)
[    1.172446] Mountpoint-cache hash table entries: 4096 (order: 3, 32768 bytes)
[    1.184066] Initializing cgroup subsys io
[    1.189392] Initializing cgroup subsys memory
[    1.204966] Initializing cgroup subsys devices
[    1.218662] Initializing cgroup subsys freezer
[    1.225905] Initializing cgroup subsys net_cls
[    1.238634] Initializing cgroup subsys perf_event
[    1.258390] Initializing cgroup subsys net_prio
[    1.279049] Initializing cgroup subsys hugetlb
[    1.286687] Initializing cgroup subsys pids
[    1.300056] mce: CPU supports 0 MCE banks
[    1.305337] Last level iTLB entries: 4KB 512, 2MB 8, 4MB 8
[    1.314363] Last level dTLB entries: 4KB 512, 2MB 32, 4MB 32, 1GB 0
[    1.320235] Spectre V1 : Mitigation: usercopy/swapgs barriers and __user pointer sanitization
[    1.347024] Spectre V2 : Mitigation: Full generic retpoline
[    1.362927] Spectre V2 : Spectre v2 / SpectreRSB mitigation: Filling RSB on context switch
[    1.385038] Speculative Store Bypass: Vulnerable
[    1.403371] MDS: Vulnerable: Clear CPU buffers attempted, no microcode
[    1.494498] Freeing SMP alternatives memory: 36K
[    1.610533] ftrace: allocating 32319 entries in 127 pages
[    2.445618] smpboot: APIC(0) Converting physical 0 to logical package 0
[    2.452589] smpboot: Max logical packages: 1
[    2.472945] ..TIMER: vector=0x30 apic1=0 pin1=2 apic2=-1 pin2=-1
[    2.587943] smpboot: CPU0: Intel(R) Core(TM) i5-3570K CPU @ 3.40GHz (family: 0x6, model: 0x3a, stepping: 0x9)
[    2.600294] Performance Events: unsupported p6 CPU model 58 no PMU driver, software events only.
[    2.672507] KVM setup paravirtual spinlock
[    2.679928] x86: Booting SMP configuration:
[    2.683926] .... node  #0, CPUs:      #1
[    2.689724] kvm-clock: cpu 1, msr 0:7ffe3041, secondary cpu clock
[    2.693475] mce: CPU supports 0 MCE banks
[    2.696764] TSC synchronization [CPU#0 -> CPU#1]:
[    2.701257] Measured 138965 cycles TSC warp between CPUs, turning off TSC clock.
[    2.707798] tsc: Marking TSC unstable due to check_tsc_sync_source failed
[    0.609557] x86: Booted up 1 node, 2 CPUs
[    0.612006] smpboot: Total of 2 processors activated (13613.37 BogoMIPS)
[    0.621715] devtmpfs: initialized
[    0.630070] evm: security.selinux
[    0.632006] evm: security.SMACK64
[    0.636004] evm: security.SMACK64EXEC
[    0.638951] evm: security.SMACK64TRANSMUTE
[    0.640004] evm: security.SMACK64MMAP
[    0.643074] evm: security.ima
[    0.644004] evm: security.capability
[    0.648478] clocksource: jiffies: mask: 0xffffffff max_cycles: 0xffffffff, max_idle_ns: 7645041785100000 ns
[    0.652152] futex hash table entries: 512 (order: 3, 32768 bytes)
[    0.656524] pinctrl core: initialized pinctrl subsystem
[    0.660327] RTC time:  7:06:09, date: 06/30/20
[    0.665188] NET: Registered protocol family 16
[    0.680022] cpuidle: using governor ladder
[    0.692013] cpuidle: using governor menu
[    0.695373] PCCT header not found.
[    0.696206] ACPI: bus type PCI registered
[    0.700008] acpiphp: ACPI Hot Plug PCI Controller Driver version: 0.5
[    0.704443] PCI: Using configuration type 1 for base access
[    0.732840] ACPI: Added _OSI(Module Device)
[    0.736012] ACPI: Added _OSI(Processor Device)
[    0.740009] ACPI: Added _OSI(3.0 _SCP Extensions)
[    0.744010] ACPI: Added _OSI(Processor Aggregator Device)
[    0.750013] ACPI: Executed 1 blocks of module-level executable AML code
[    0.761948] ACPI: Interpreter enabled
[    0.764030] ACPI: (supports S0 S5)
[    0.768009] ACPI: Using IOAPIC for interrupt routing
[    0.772462] PCI: Using host bridge windows from ACPI; if necessary, use "pci=nocrs" and report a bug
[    0.784707] ACPI: PCI Root Bridge [PCI0] (domain 0000 [bus 00-ff])
[    0.788019] acpi PNP0A03:00: _OSC: OS supports [ASPM ClockPM Segments MSI]
[    0.792669] acpi PNP0A03:00: _OSC: not requesting OS control; OS requires [ExtendedConfig ASPM ClockPM MSI]
[    0.796026] acpi PNP0A03:00: fail to add MMCONFIG information, can't access extended PCI configuration space under this bridge.
[    0.804289] PCI host bridge to bus 0000:00
[    0.807731] pci_bus 0000:00: root bus resource [io  0x0000-0x0cf7 window]
[    0.808013] pci_bus 0000:00: root bus resource [io  0x0d00-0xffff window]
[    0.812010] pci_bus 0000:00: root bus resource [mem 0x000a0000-0x000bffff window]
[    0.816011] pci_bus 0000:00: root bus resource [mem 0x80000000-0xfdffffff window]
[    0.820011] pci_bus 0000:00: root bus resource [bus 00-ff]
[    0.829695] pci 0000:00:01.1: legacy IDE quirk: reg 0x10: [io  0x01f0-0x01f7]
[    0.832010] pci 0000:00:01.1: legacy IDE quirk: reg 0x14: [io  0x03f6]
[    0.836008] pci 0000:00:01.1: legacy IDE quirk: reg 0x18: [io  0x0170-0x0177]
[    0.840010] pci 0000:00:01.1: legacy IDE quirk: reg 0x1c: [io  0x0376]
[    0.904906] pci 0000:00:07.0: quirk: [io  0x4000-0x403f] claimed by PIIX4 ACPI
[    0.908038] pci 0000:00:07.0: quirk: [io  0x4100-0x410f] claimed by PIIX4 SMB
[    0.922301] ACPI: PCI Interrupt Link [LNKA] (IRQs 5 9 10 *11)
[    0.932436] ACPI: PCI Interrupt Link [LNKB] (IRQs 5 9 *10 11)
[    0.944060] ACPI: PCI Interrupt Link [LNKC] (IRQs 5 *9 10 11)
[    0.953361] ACPI: PCI Interrupt Link [LNKD] (IRQs 5 9 10 *11)
[    0.960809] ACPI: Enabled 2 GPEs in block 00 to 07
[    0.964464] vgaarb: setting as boot device: PCI:0000:00:02.0
[    0.968000] vgaarb: device added: PCI:0000:00:02.0,decodes=io+mem,owns=io+mem,locks=none
[    0.968011] vgaarb: loaded
[    0.972005] vgaarb: bridge control possible 0000:00:02.0
[    0.976504] SCSI subsystem initialized
[    0.980383] ACPI: bus type USB registered
[    0.984067] usbcore: registered new interface driver usbfs
[    0.988036] usbcore: registered new interface driver hub
[    0.992171] usbcore: registered new device driver usb
[    1.000166] PCI: Using ACPI for IRQ routing
[    1.004864] NetLabel: Initializing
[    1.008007] NetLabel:  domain hash size = 128
[    1.012004] NetLabel:  protocols = UNLABELED CIPSOv4
[    1.016025] NetLabel:  unlabeled traffic allowed by default
[    1.024155] amd_nb: Cannot enumerate AMD northbridges
[    1.028339] clocksource: Switched to clocksource kvm-clock
[    1.072552] AppArmor: AppArmor Filesystem Enabled
[    1.077381] pnp: PnP ACPI init
[    1.081152] pnp: PnP ACPI: found 3 devices
[    1.133267] clocksource: acpi_pm: mask: 0xffffff max_cycles: 0xffffff, max_idle_ns: 2085701024 ns
[    1.136294] NET: Registered protocol family 2
[    1.145626] TCP established hash table entries: 16384 (order: 5, 131072 bytes)
[    1.153021] TCP bind hash table entries: 16384 (order: 6, 262144 bytes)
[    1.156313] TCP: Hash tables configured (established 16384 bind 16384)
[    1.156313] UDP hash table entries: 1024 (order: 3, 32768 bytes)
[    1.156313] UDP-Lite hash table entries: 1024 (order: 3, 32768 bytes)
[    1.156313] NET: Registered protocol family 1
[    1.156313] pci 0000:00:00.0: Limiting direct PCI/PCI transfers
[    1.156313] pci 0000:00:01.0: Activating ISA DMA hang workarounds
[    1.156313] Unpacking initramfs...
[    1.156313] Freeing initrd memory: 15436K
[    1.156313] RAPL PMU detected, API unit is 2^-32 Joules, 3 fixed counters 10737418240 ms ovfl timer
[    1.156313] hw unit of domain pp0-core 2^-0 Joules
[    1.156313] hw unit of domain package 2^-0 Joules
[    1.156313] hw unit of domain pp1-gpu 2^-0 Joules
[    1.156313] clocksource: tsc: mask: 0xffffffffffffffff max_cycles: 0x310ea5d8d7a, max_idle_ns: 440795377721 ns
[    1.156313] platform rtc_cmos: registered platform RTC device (no PNP device found)
[    1.156313] Scanning for low memory corruption every 60 seconds
[    1.725496] audit: initializing netlink subsys (disabled)
[    1.730817] audit: type=2000 audit(1593500775.154:1): initialized
[    1.737396] Initialise system trusted keyring
[    1.743107] HugeTLB registered 2 MB page size, pre-allocated 0 pages
[    1.752224] zbud: loaded
[    1.756342] VFS: Disk quotas dquot_6.6.0
[    1.760326] VFS: Dquot-cache hash table entries: 512 (order 0, 4096 bytes)
[    1.766104] squashfs: version 4.0 (2009/01/31) Phillip Lougher
[    1.772742] fuse init (API version 7.23)
[    1.777032] Key type big_key registered
[    1.780272] Allocating IMA MOK and blacklist keyrings.
[    1.800910] Key type asymmetric registered
[    1.804356] Asymmetric key parser 'x509' registered
[    1.809973] Block layer SCSI generic (bsg) driver version 0.4 loaded (major 249)
[    1.816927] io scheduler noop registered
[    1.820111] io scheduler deadline registered (default)
[    1.825537] io scheduler cfq registered
[    1.829493] pci_hotplug: PCI Hot Plug PCI Core version: 0.5
[    1.833998] pciehp: PCI Express Hot Plug Controller Driver version: 0.4
[    1.839818] ACPI: AC Adapter [AC] (on-line)
[    1.844561] input: Power Button as /devices/LNXSYSTM:00/LNXPWRBN:00/input/input0
[    1.850984] ACPI: Power Button [PWRF]
[    1.856494] input: Sleep Button as /devices/LNXSYSTM:00/LNXSLPBN:00/input/input1
[    1.863468] ACPI: Sleep Button [SLPF]
[    1.869036] GHES: HEST is not enabled!
[    1.873213] Serial: 8250/16550 driver, 32 ports, IRQ sharing enabled
[    1.902961] 00:02: ttyS0 at I/O 0x3f8 (irq = 4, base_baud = 115200) is a 16550A
[    1.928941] Linux agpgart interface v0.103
[    1.945258] loop: module loaded
[    1.951205] scsi host0: ata_piix
[    1.955648] scsi host1: ata_piix
[    1.959205] ata1: PATA max UDMA/33 cmd 0x1f0 ctl 0x3f6 bmdma 0xd000 irq 14
[    1.963089] ata2: PATA max UDMA/33 cmd 0x170 ctl 0x376 bmdma 0xd008 irq 15
[    1.971203] libphy: Fixed MDIO Bus: probed
[    1.975425] tun: Universal TUN/TAP device driver, 1.6
[    1.980471] tun: (C) 1999-2004 Max Krasnyansky <maxk@qualcomm.com>
[    1.985787] PPP generic driver version 2.4.2
[    1.989947] ehci_hcd: USB 2.0 'Enhanced' Host Controller (EHCI) Driver
[    1.995305] ehci-pci: EHCI PCI platform driver
[    1.999690] ehci-platform: EHCI generic platform driver
[    2.004644] ohci_hcd: USB 1.1 'Open' Host Controller (OHCI) Driver
[    2.009837] ohci-pci: OHCI PCI platform driver
[    2.013982] ohci-platform: OHCI generic platform driver
[    2.018416] uhci_hcd: USB Universal Host Controller Interface driver
[    2.023644] i8042: PNP: PS/2 Controller [PNP0303:PS2K,PNP0f03:PS2M] at 0x60,0x64 irq 1,12
[    2.035131] serio: i8042 KBD port at 0x60,0x64 irq 1
[    2.039440] serio: i8042 AUX port at 0x60,0x64 irq 12
[    2.046842] mousedev: PS/2 mouse device common for all mice
[    2.055190] rtc_cmos rtc_cmos: rtc core: registered rtc_cmos as rtc0
[    2.062908] rtc_cmos rtc_cmos: alarms up to one day, 114 bytes nvram
[    2.069499] input: AT Translated Set 2 keyboard as /devices/platform/i8042/serio0/input/input2
[    2.078150] i2c /dev entries driver
[    2.082407] device-mapper: uevent: version 1.0.3
[    2.088563] device-mapper: ioctl: 4.34.0-ioctl (2015-10-28) initialised: dm-devel@redhat.com
[    2.096213] ledtrig-cpu: registered to indicate activity on CPUs
[    2.104505] NET: Registered protocol family 10
[    2.109109] NET: Registered protocol family 17
[    2.113247] Key type dns_resolver registered
[    2.119503] registered taskstats version 1
[    2.123386] Loading compiled-in X.509 certificates
[    2.128728] Loaded X.509 cert 'Build time autogenerated kernel key: b6ae09eed57f82583ccd3c65c463e852cdd7a0b5'
[    2.138288] zswap: loaded using pool lzo/zbud
[    2.190242] Key type trusted registered
[    2.201126] Key type encrypted registered
[    2.204835] AppArmor: AppArmor sha1 policy hashing enabled
[    2.209938] ima: No TPM chip found, activating TPM-bypass!
[    2.214387] ima: Allocated hash algorithm: sha1
[    2.218220] evm: HMAC attrs: 0x1
[    2.223370]   Magic number: 8:61:118
[    2.227222] rtc_cmos rtc_cmos: setting system clock to 2020-06-30 07:06:11 UTC (1593500771)
[    2.235366] BIOS EDD facility v0.16 2004-Jun-25, 0 devices found
[    2.241273] EDD information not available.
[    2.247597] Freeing unused kernel memory: 1492K
[    2.264315] Write protecting the kernel read-only data: 14336k
[    2.270486] Freeing unused kernel memory: 1596K
[    2.275535] Freeing unused kernel memory: 60K
Loading, please wait...
starting version 229
[    2.311374] random: systemd-udevd: uninitialized urandom read (16 bytes read, 5 bits of entropy available)
[    2.312277] random: udevadm: uninitialized urandom read (16 bytes read, 5 bits of entropy available)
[    2.312277] random: udevadm: uninitialized urandom read (16 bytes read, 5 bits of entropy available)
[    2.329670] random: udevadm: uninitialized urandom read (16 bytes read, 5 bits of entropy available)
[    2.329717] random: udevadm: uninitialized urandom read (16 bytes read, 5 bits of entropy available)
[    2.329934] random: udevadm: uninitialized urandom read (16 bytes read, 5 bits of entropy available)
[    2.329994] random: udevadm: uninitialized urandom read (16 bytes read, 5 bits of entropy available)
[    2.330114] random: udevadm: uninitialized urandom read (16 bytes read, 5 bits of entropy available)
[    2.330174] random: udevadm: uninitialized urandom read (16 bytes read, 5 bits of entropy available)
[    2.330301] random: udevadm: uninitialized urandom read (16 bytes read, 5 bits of entropy available)
[    2.462166] e1000: Intel(R) PRO/1000 Network Driver - version 7.3.21-k8-NAPI
[    2.471574] e1000: Copyright (c) 1999-2006 Intel Corporation.
[    2.505904] Fusion MPT base driver 3.04.20
[    2.515572] Copyright (c) 1999-2008 LSI Corporation
[    2.633536] Fusion MPT SPI Host driver 3.04.20
[    2.822174] input: ImExPS/2 Generic Explorer Mouse as /devices/platform/i8042/serio1/input/input4
[    3.291280] e1000 0000:00:03.0 eth0: (PCI:33MHz:32-bit) 02:c6:94:44:72:8b
[    3.299656] e1000 0000:00:03.0 eth0: Intel(R) PRO/1000 Network Connection
[    4.041026] e1000 0000:00:08.0 eth1: (PCI:33MHz:32-bit) 08:00:27:5b:c3:6c
[    4.046926] e1000 0000:00:08.0 eth1: Intel(R) PRO/1000 Network Connection
[    4.056229] e1000 0000:00:03.0 enp0s3: renamed from eth0
[    4.064576] mptbase: ioc0: Initiating bringup
[    4.076953] e1000 0000:00:08.0 enp0s8: renamed from eth1
[    4.138437] ioc0: LSI53C1030 A0: Capabilities={Initiator}
[    4.334539] scsi host2: ioc0: LSI53C1030 A0, FwRev=00000000h, Ports=1, MaxQ=256, IRQ=20
[    4.459094] scsi 2:0:0:0: Direct-Access     VBOX     HARDDISK         1.0  PQ: 0 ANSI: 5
[    4.467242] scsi target2:0:0: Beginning Domain Validation
[    4.481719] scsi target2:0:0: Domain Validation skipping write tests
[    4.487180] scsi target2:0:0: Ending Domain Validation
[    4.491794] scsi target2:0:0: asynchronous
[    4.499267] scsi 2:0:1:0: Direct-Access     VBOX     HARDDISK         1.0  PQ: 0 ANSI: 5
[    4.503200] scsi target2:0:1: Beginning Domain Validation
[    4.517666] scsi target2:0:1: Domain Validation skipping write tests
[    4.527778] scsi target2:0:1: Ending Domain Validation
[    4.532313] scsi target2:0:1: asynchronous
[    4.571322] sd 2:0:0:0: Attached scsi generic sg0 type 0
[    4.571882] sd 2:0:0:0: [sda] 20971520 512-byte logical blocks: (10.7 GB/10.0 GiB)
[    4.572910] sd 2:0:0:0: [sda] Write Protect is off
[    4.573398] sd 2:0:0:0: [sda] Incomplete mode parameter data
[    4.573399] sd 2:0:0:0: [sda] Assuming drive cache: write through
[    4.581860]  sda: sda1
[    4.584958] sd 2:0:0:0: [sda] Attached SCSI disk
[    4.608944] sd 2:0:1:0: Attached scsi generic sg1 type 0
[    4.609650] sd 2:0:1:0: [sdb] 20480 512-byte logical blocks: (10.5 MB/10.0 MiB)
[    4.610508] sd 2:0:1:0: [sdb] Write Protect is off
[    4.611104] sd 2:0:1:0: [sdb] Incomplete mode parameter data
[    4.611105] sd 2:0:1:0: [sdb] Assuming drive cache: write through
[    4.620328] sd 2:0:1:0: [sdb] Attached SCSI disk
Begin: Loading essential drivers ... [    6.385561] md: linear personality registered for level -1
[    6.396811] md: multipath personality registered for level -4
[    6.406619] md: raid0 personality registered for level 0
[    6.426476] md: raid1 personality registered for level 1
[    6.440290] INFO: rcu_sched self-detected stall on CPU[  341.888231] INFO: rcu_sched detected stalls on CPUs/tasks:
[  341.888234] 	1-...: (1 ticks this GP) idle=107/140000000000001/0 softirq=834/834 fqs=2 
[  341.888235] 	(detected by 0, t=83863 jiffies, g=-174, c=-175, q=138)
[  341.888236] Task dump for CPU 1:
[  341.888237] modprobe        R  running task        0   233    219 0x00000008
[  341.888240]  ffffffffc00e0000 ffff880036fd7d30 ffffffff811999c5 ffff880036fd7ea8
[  341.888242]  ffffffffc00e0050 0000000000000001 ffff880036fd7e98 ffffffff81113d9a
[  341.888243]  ffffffffc00e0000 ffffffff81110290 ffff880036fd7dd0 ffffffff81a1b090
[  341.888244] Call Trace:
[  341.888252]  [<ffffffff811999c5>] ? do_init_module+0x5f/0x1cf
[  341.888278]  [<ffffffff81113d9a>] ? load_module+0x16aa/0x1c50
[  341.888280]  [<ffffffff81110290>] ? __symbol_put+0x60/0x60
[  341.888284]  [<ffffffff812247c0>] ? kernel_read+0x50/0x80
[  341.888286]  [<ffffffff81114584>] ? SYSC_finit_module+0xb4/0xe0
[  341.888288]  [<ffffffff811145ce>] ? SyS_finit_module+0xe/0x10
[  341.888291]  [<ffffffff8186895b>] ? entry_SYSCALL_64_fastpath+0x22/0xd0

[  342.000177] 
[  342.000177] 	1-...: (1 ticks this GP) idle=107/140000000000001/0 softirq=834/834 fqs=3 
[  342.000177] 	 (t=83863 jiffies g=-174 c=-175 q=138)
[  342.000177] Task dump for CPU 1:
[  342.000177] modprobe        R  running task        0   233    219 0x00000008
[  342.000177]  ffff880036dd8d00 f22d8a9de3be2e84 ffff88007fd03da0 ffffffff810b5d79
[  342.000177]  0000000000000001 ffffffff81e57800 ffff88007fd03db8 ffffffff810b85a7
[  342.000177]  0000000000000002 ffff88007fd03de8 ffffffff810ed54e ffff88007fd17040
[  342.000177] Call Trace:
[  342.000177]  <IRQ>  [<ffffffff810b5d79>] sched_show_task+0xa9/0x110
[  342.000177]  [<ffffffff810b85a7>] dump_cpu_task+0x37/0x40
[  342.000177]  [<ffffffff810ed54e>] rcu_dump_cpu_stacks+0x8e/0xe0
[  342.000177]  [<ffffffff810f1540>] rcu_check_callbacks+0x500/0x7f0
[  342.000177]  [<ffffffff8114b64c>] ? acct_account_cputime+0x1c/0x20
[  342.000177]  [<ffffffff810b9049>] ? account_system_time+0x79/0x120
[  342.000177]  [<ffffffff81107f30>] ? tick_sched_handle.isra.14+0x60/0x60
[  342.000177]  [<ffffffff810f7be9>] update_process_times+0x39/0x60
[  342.000177]  [<ffffffff81107ef5>] tick_sched_handle.isra.14+0x25/0x60
[  342.000177]  [<ffffffff81107f6d>] tick_sched_timer+0x3d/0x70
[  342.000177]  [<ffffffff810f8532>] __hrtimer_run_queues+0x102/0x290
[  342.000177]  [<ffffffff810f8d28>] hrtimer_interrupt+0xa8/0x1a0
[  342.000177]  [<ffffffff81055a6e>] local_apic_timer_interrupt+0x3e/0x60
[  342.000177]  [<ffffffff8186c24b>] smp_apic_timer_interrupt+0x4b/0x70
[  342.000177]  [<ffffffff81869994>] apic_timer_interrupt+0xd4/0xe0
[  342.000177]  <EOI>  [<ffffffffc00710e4>] ? init_module+0xe4/0x1000 [raid6_pq]
[  342.000177]  [<ffffffffc00710cc>] ? init_module+0xcc/0x1000 [raid6_pq]
[  342.000177]  [<ffffffffc0071000>] ? 0xffffffffc0071000
[  342.000177]  [<ffffffff810021f5>] do_one_initcall+0xb5/0x200
[  342.000177]  [<ffffffff811fb88a>] ? kmem_cache_alloc_trace+0x8a/0x1f0
[  342.000177]  [<ffffffff811fc4db>] ? kfree+0xab/0x150
[  342.000177]  [<ffffffff811999c5>] do_init_module+0x5f/0x1cf
[  342.000177]  [<ffffffff81113d9a>] load_module+0x16aa/0x1c50
[  342.000177]  [<ffffffff81110290>] ? __symbol_put+0x60/0x60
[  342.000177]  [<ffffffff812247c0>] ? kernel_read+0x50/0x80
[  342.000177]  [<ffffffff81114584>] SYSC_finit_module+0xb4/0xe0
[  342.000177]  [<ffffffff811145ce>] SyS_finit_module+0xe/0x10
[  342.000177]  [<ffffffff8186895b>] entry_SYSCALL_64_fastpath+0x22/0xd0
[  342.409260] raid6: sse2x1   gen() 11004 MB/s
[  342.484140] raid6: sse2x1   xor()  6626 MB/s
[  342.559724] raid6: sse2x2   gen() 10582 MB/s
[  342.634659] raid6: sse2x2   xor()  7504 MB/s
[  342.721942] raid6: sse2x4   gen() 14631 MB/s
[  342.796472] raid6: sse2x4   xor()  9554 MB/s
[  342.800351] raid6: using algorithm sse2x4 gen() 14631 MB/s
[  342.805371] raid6: .... xor() 9554 MB/s, rmw enabled
[  342.810306] raid6: using ssse3x2 recovery algorithm
[  342.819138] xor: measuring software checksum speed
[  342.860280]    prefetch64-sse: 16439.000 MB/sec
[  342.900994]    generic_sse: 14370.000 MB/sec
[  342.905004] xor: using function: prefetch64-sse (16439.000 MB/sec)
[  342.913317] async_tx: api initialized (async)
[  342.967361] md: raid6 personality registered for level 6
[  342.973266] md: raid5 personality registered for level 5
[  342.978972] md: raid4 personality registered for level 4
[  343.011279] md: raid10 personality registered for level 10
done.
Begin: Running /scripts/init-premount ... done.
Begin: Mounting root file system ... Begin: Running /scripts/local-top ... done.
Begin: Running /scripts/local-premount ... [  343.126293] Btrfs loaded
Scanning for Btrfs filesystems
done.
Warning: fsck not present, so skipping root file system
[  343.194992] EXT4-fs (sda1): INFO: recovery required on readonly filesystem
[  343.202168] EXT4-fs (sda1): write access will be enabled during recovery
[  343.597847] EXT4-fs (sda1): orphan cleanup on readonly fs
[  343.602525] EXT4-fs (sda1): 6 orphan inodes deleted
[  343.606411] EXT4-fs (sda1): recovery complete
[  343.613183] EXT4-fs (sda1): mounted filesystem with ordered data mode. Opts: (null)
done.
Begin: Running /scripts/local-bottom ... done.
Begin: Running /scripts/init-bottom ... done.
[  343.892832] systemd[1]: systemd 229 running in system mode. (+PAM +AUDIT +SELINUX +IMA +APPARMOR +SMACK +SYSVINIT +UTMP +LIBCRYPTSETUP +GCRYPT +GNUTLS +ACL +XZ -LZ4 +SECCOMP +BLKID +ELFUTILS +KMOD -IDN)
[  343.911020] systemd[1]: Detected virtualization oracle.
[  343.916459] systemd[1]: Detected architecture x86-64.

Welcome to [1mUbuntu 16.04.6 LTS[0m!

[  343.938636] systemd[1]: Set hostname to <ubuntu-xenial>.
[  344.230440] systemd[1]: Listening on udev Control Socket.
[[0;32m  OK  [0m] Listening on udev Control Socket.
[  344.242396] systemd[1]: Reached target Encrypted Volumes.
[[0;32m  OK  [0m] Reached target Encrypted Volumes.
[  344.252890] systemd[1]: Reached target System Time Synchronized.
[[0;32m  OK  [0m] Reached target System Time Synchronized.
[  344.264665] systemd[1]: Reached target User and Group Name Lookups.
[[0;32m  OK  [0m] Reached target User and Group Name Lookups.
[  344.277035] systemd[1]: Listening on LVM2 poll daemon socket.
[[0;32m  OK  [0m] Listening on LVM2 poll daemon socket.
[  344.288448] systemd[1]: Listening on Journal Audit Socket.
[[0;32m  OK  [0m] Listening on Journal Audit Socket.
[  344.299488] systemd[1]: Listening on Device-mapper event daemon FIFOs.
[[0;32m  OK  [0m] Listening on Device-mapper event daemon FIFOs.
[  344.313317] systemd[1]: Listening on udev Kernel Socket.
[[0;32m  OK  [0m] Listening on udev Kernel Socket.
[  344.328985] systemd[1]: Listening on /dev/initctl Compatibility Named Pipe.
[[0;32m  OK  [0m] Listening on /dev/initctl Compatibility Named Pipe.
[  344.343435] systemd[1]: Started Trigger resolvconf update for networkd DNS.
[[0;32m  OK  [0m] Started Trigger resolvconf update for networkd DNS.
[  344.357875] systemd[1]: Listening on LVM2 metadata daemon socket.
[[0;32m  OK  [0m] Listening on LVM2 metadata daemon socket.
[  344.369881] systemd[1]: Set up automount Arbitrary Executable File Formats File System Automount Point.
[[0;32m  OK  [0m] Set up automount Arbitrary Executab...ats File System Automount Point.
[  344.386496] systemd[1]: Reached target Swap.
[[0;32m  OK  [0m] Reached target Swap.
[  344.397014] systemd[1]: Listening on Journal Socket (/dev/log).
[[0;32m  OK  [0m] Listening on Journal Socket (/dev/log).
[  344.409527] systemd[1]: Created slice User and Session Slice.
[[0;32m  OK  [0m] Created slice User and Session Slice.
[  344.422227] systemd[1]: Started Forward Password Requests to Wall Directory Watch.
[[0;32m  OK  [0m] Started Forward Password Requests to Wall Directory Watch.
[  344.437926] systemd[1]: Listening on Journal Socket.
[[0;32m  OK  [0m] Listening on Journal Socket.
[  344.446305] systemd[1]: Listening on Syslog Socket.
[[0;32m  OK  [0m] Listening on Syslog Socket.
[  344.457265] systemd[1]: Created slice System Slice.
[[0;32m  OK  [0m] Created slice System Slice.
[  344.480919] systemd[1]: Mounting Debug File System...
         Mounting Debug File System...
[  344.495504] systemd[1]: Starting Create list of required static device nodes for the current kernel...
         Starting Create list of required st... nodes for the current kernel...
[  344.515636] systemd[1]: Starting Remount Root and Kernel File Systems...
         Starting Remount Root and Kernel File Systems...[  344.527654] EXT4-fs (sda1): re-mounted. Opts: (null)

[  344.532103] systemd[1]: Reached target Slices.
[[0;32m  OK  [0m] Reached target Slices.
[  344.544881] systemd[1]: Created slice system-serial\x2dgetty.slice.
[[0;32m  OK  [0m] Created slice system-serial\x2dgetty.slice.
[  344.569327] systemd[1]: Starting Nameserver information manager...
         Starting Nameserver information manager...
[  344.581117] systemd[1]: Starting Monitoring of LVM2 mirrors, snapshots etc. using dmeventd or progress polling...
         Starting Monitoring of LVM2 mirrors... dmeventd or progress polling...
[  344.601260] systemd[1]: Mounting Huge Pages File System...
         Mounting Huge Pages File System...
[  344.617655] systemd[1]: Mounting POSIX Message Queue File System...
         Mounting POSIX Message Queue File System...
[  344.637848] systemd[1]: Starting Set console keymap...
         Starting Set console keymap...
[  344.661073] systemd[1]: Starting Uncomplicated firewall...
         Starting Uncomplicated firewall...
[  344.677132] systemd[1]: Starting Load Kernel Modules...
         Starting Load Kernel Modules...
[  344.689613] systemd[1]: Starting Journal Service...
         Starting Journal Service...
[  344.702660] systemd[1]: Mounted Huge Pages File System.
[[0;32m  OK  [0m] Mounted Huge Pages File System.
[  344.713094] systemd[1]: Mounted POSIX Message Queue File System.
[[0;32m  OK  [0m] Mounted POSIX Message Queue File System.
[  344.728306] systemd[1]: Mounted Debug File System.
[  344.728266] Loading iSCSI transport class v2.0-870.
[[0;32m  OK  [0m] Mounted Debug File System.
[  344.746049] systemd[1]: Started Create list of required static device nodes for the current kernel.
[[0;32m  OK  [0m] Started Create list of required sta...ce nodes for the current kernel.
[  344.774306] iscsi: registered transport (tcp)
[  344.779272] systemd[1]: Started Remount Root and Kernel File Systems.
[[0;32m  OK  [0m] Started Remount Root and Kernel File Systems.
[  344.792313] random: nonblocking pool is initialized
[  344.821717] systemd[1]: Started Uncomplicated firewall.
[[0;32m  OK  [0m] Started Uncomplicated firewall.
[  344.834291] systemd[1]: Started Journal Service.
[[0;32m  OK  [0m] Started Journal Service.
[[0;32m  OK  [0m] Started Set console keymap.
[[0;32m  OK  [0m] Started Nameserver information manager.
[[0;32m  OK  [0m] Started LVM2 metadata daemon.
         Starting Flush Journal to Persistent Storage...
         Starting udev Coldplug all Devices...
         Starting Load/Save Random Seed...
         Starting Create Static Device Nodes in /dev...
[[0;32m  OK  [0m] Started Load/Save Random Seed.
[  344.956541] systemd-journald[384]: Received request to flush runtime journal from PID 1
[[0;32m  OK  [0m] Started Flush Journal to Persistent Storage.
[  344.987783] iscsi: registered transport (iser)
[[0;32m  OK  [0m] Started Create Static Device Nodes in /dev.
         Starting udev Kernel Device Manager...
[[0;32m  OK  [0m] Started Load Kernel Modules.
         Starting Apply Kernel Variables...
         Mounting FUSE Control File System...
[[0;32m  OK  [0m] Mounted FUSE Control File System.
[[0;32m  OK  [0m] Started Monitoring of LVM2 mirrors,...ng dmeventd or progress polling.
[[0;32m  OK  [0m] Reached target Local File Systems (Pre).
[[0;32m  OK  [0m] Reached target Local File Systems.
         Starting LSB: AppArmor initialization...
         Starting Initial cloud-init job (pre-networking)...
         Starting Tell Plymouth To Write Out Runtime Data...
         Starting Set console font and keymap...
         Starting Create Volatile Files and Directories...
[[0;32m  OK  [0m] Started udev Coldplug all Devices.
[[0;32m  OK  [0m] Started Apply Kernel Variables.
[[0;32m  OK  [0m] Started Create Volatile Files and Directories.
         Starting Update UTMP about System Boot/Shutdown...
[[0;32m  OK  [0m] Started Tell Plymouth To Write Out Runtime Data.
[[0;32m  OK  [0m] Started udev Kernel Device Manager.
[[0;32m  OK  [0m] Started Dispatch Password Requests to Console Directory Watch.
[[0;32m  OK  [0m] Started Update UTMP about System Boot/Shutdown.
[[0;32m  OK  [0m] Started LSB: AppArmor initialization.
[[0;32m  OK  [0m] Found device /dev/ttyS0.
[[0;32m  OK  [0m] Found device 82540EM Gigabit Ethern...r (PRO/1000 MT Desktop Adapter).
[[0;32m  OK  [0m] Listening on Load/Save RF Kill Switch Status /dev/rfkill Watch.
[[0;32m  OK  [0m] Found device 82540EM Gigabit Ethern...r (PRO/1000 MT Desktop Adapter).
[  347.696664] cloud-init[456]: Cloud-init v. 19.4-33-gbb4131a2-0ubuntu1~16.04.1 running 'init-local' at Tue, 30 Jun 2020 07:11:56 +0000. Up 347.21 seconds.
[[0;32m  OK  [0m] Started Initial cloud-init job (pre-networking).
[[0;32m  OK  [0m] Reached target Network (Pre).
         Starting Raise network interfaces...
[[0;32m  OK  [0m] Started ifup for enp0s8.
[[0;32m  OK  [0m] Started ifup for enp0s3.
[[0;32m  OK  [0m] Started Set console font and keymap.
[[0;32m  OK  [0m] Created slice system-getty.slice.
[[0;32m  OK  [0m] Started Raise network interfaces.
[[0;32m  OK  [0m] Reached target Network.
         Starting Initial cloud-init job (metadata service crawler)...
[  349.542447] cloud-init[1061]: Cloud-init v. 19.4-33-gbb4131a2-0ubuntu1~16.04.1 running 'init' at Tue, 30 Jun 2020 07:11:58 +0000. Up 349.17 seconds.
[  349.552482] cloud-init[1061]: ci-info: ++++++++++++++++++++++++++++++++++++++Net device info+++++++++++++++++++++++++++++++++++++++
[  349.563088] cloud-init[1061]: ci-info: +--------+------+-----------------------------+---------------+--------+-------------------+
[  349.573046] cloud-init[1061]: ci-info: | Device |  Up  |           Address           |      Mask     | Scope  |     Hw-Address    |
[  349.582223] cloud-init[1061]: ci-info: +--------+------+-----------------------------+---------------+--------+-------------------+
[  349.593957] cloud-init[1061]: ci-info: | enp0s3 | True |          10.0.2.15          | 255.255.255.0 | global | 02:c6:94:44:72:8b |
[  349.601103] [[0;32m  OK  [0m] Started Initial cloud-init job (metadata service crawler).
[[0;32m  OK  [0m] Reached target System Initialization.
cloud-init[[0;32m  OK  [0m] Started Daily apt download activities.
[[0;32m  OK  [0m] Started Daily Cleanup of Temporary Directories.
[[0;32m  OK  [0m] Listening on D-Bus System Message Bus Socket.
[[0;32m  OK  [0m] Started Clean PHP session files every 30 mins.
[[0;32m  OK  [0m] Started Message of the Day.
[1061]: [[0;32m  OK  [0m] Started ACPI Events Check.
[[0;32m  OK  [0m] Reached target Paths.
         Starting Socket activation for snappy daemon.
[[0;32m  OK  [0m] Started Daily apt upgrade and clean activities.
[[0;32m  OK  [0m] ci-info: | enp0s3 | True |  fe80::c6:94ff:fe44:728b/64 |       .       |  link  | 02:c6:94:44:72:8b |
Reached target Timers.
[  349.639762]          Starting LXD - unix socket.
[[0;32m  OK  [0m] Listening on UUID daemon activation socket.
cloud-init[1061]: ci-info: | enp0s8 | True |        192.168.33.20        | 255.255.255.0 | global | 08:00:27:5b:c3:6c |
[  349.650869] cloud-init[1061]: ci-info: | enp0s8 | True | fe80::a00:27ff:fe5b:c36c/64 |       .       |  link  | 08:00:27:5b:c3:6c |
[[0;32m  OK  [0m] Listening on ACPID Listen Socket.
[  349.666412] cloud-init[1061]: ci-info: |   lo   | True |          127.0.0.1          |   255.0.0.0   |  host  |         .         |
[[0;32m  OK  [0m] Reached target Network is Online.
[  349.675747] cloud-init[1061]: ci-info: |   lo   | True |           ::1/128           |       .       |  host  |         .         |
[  349.685968] cloud-init[1061]: ci-info: +--------+------+-----------------------------+---------------+--------+-------------------+
[  349.697114] cloud-init[1061]: ci-info: ++++++++++++++++++++++++++++Route IPv4 info++++++++++++++++++++++++++++
         Starting iSCSI initiator daemon (iscsid)...
[[0;32m  OK  [0m] Reached target Cloud-config availability.
[[0;32m  OK  [0m] Listening on Socket activation for snappy daemon.
[[0;32m  OK  [0m] Listening on LXD - unix socket.
[[0;32m  OK  [0m] Reached target Sockets.
[[0;32m  OK  [0m] Reached target Basic System.
         Starting Clean php session files...
[[0;32m  OK  [0m] Started ACPI event daemon.
[[0;32m  OK  [0m] Started FUSE filesystem for LXC.
         Starting Login Service...
         Starting System Logging Service...
[[0;32m  OK  [0m] Started D-Bus System Message Bus.
[  349.709204] cloud-init[1061]: ci-info: +-------+--------------+----------+---------------+-----------+-------+
[  349.794943] cloud-init[1061]: ci-info: | Route | Destination  | Gateway  |    Genmask    | Interface | Flags |
[  349.817552] cloud-init[1061]: ci-info: +-------+--------------+----------+---------------+-----------+-------+
[  349.825847] cloud-init[1061]: ci-info: |   0   |   0.0.0.0    | 10.0.2.2 |    0.0.0.0    |   enp0s3  |   UG  |
[  349.834598] cloud-init[1061]: ci-info: |   1   |   10.0.2.0   | 0.0.0.0  | 255.255.255.0 |   enp0s3  |   U   |
[  349.855665] cloud-init[1061]: ci-info: |   2   | 192.168.33.0 | 0.0.0.0  | 255.255.255.0 |   enp0s8  |   U   |
[  349.869276] cloud-init[1061]: ci-info: +-------+--------------+----------+---------------+-----------+-------+
[  349.881158] cloud-init[1061]: ci-info: +++++++++++++++++++Route IPv6 info+++++++++++++++++++         Starting /etc/rc.local Compatibility...
         Starting Accounts Service...

[[0;32m  OK  [0m] Started Regular background program processing daemon.
         Starting LSB: Record successful boot for GRUB...
[  349.930615] cloud-init         Starting LXD - container startup/shutdown...
         Starting Virtualbox guest utils...
         Starting LSB: MD monitoring daemon...
[1061]: ci-info: +-------+-------------+---------+-----------+-------+[[0;32m  OK  [0m] Started Deferred execution scheduler.
         Starting Message of the Day...
         Starting MySQL Community Server...
         Starting Snappy daemon...
         Starting OpenBSD Secure Shell server...
[[0;32m  OK  [0m] Started System Logging Service.
[[0;32m  OK  [0m] Started iSCSI initiator daemon (iscsid).

[  350.057284] cloud-init[1061]: ci-info: | Route | Destination | Gateway | Interface | Flags |
[[0;32m  OK  [0m[  350.080182] cloud-init[1061]: ci-info: +-------+-------------+---------+-----------+-------+
[  350.086244] ] Started /etc/rc.local Compatibility.
cloud-init[1061]: ci-info: |   0   |  fe80::/64  |    ::   |   enp0s8  |   U   |
[  350.144421] cloud-init[1061]: ci-info: |   1   |  fe80::/64  |    ::   |   enp0s3  |   U   |
[  350.194017] cloud-init[1061]: ci-info: |   4   |   ff00::/8  |    ::   |   enp0s8  |   U   |
[[  350.362952] [0;32m  OK  [0m] Started Login Service.
[[0;32m  OK  [0m] Started OpenBSD Secure Shell server.
[[0;32m  OK  [0m] cloud-init[1061]: ci-info: |   5   |   ff00::/8  |    ::   |   enp0s3  |   U   |Started Unattended Upgrades Shutdown.

[  350.487878] cloud-init[1061]: ci-info: +-------+-------------+---------+-----------+-------+         
Starting Authenticate and Authorize Users to Run Privileged Tasks...
         Starting Login to default iSCSI targets...
[[0;32m  OK  [0m] Started LSB: Record successful boot for GRUB.
[[0;32m  OK  [0m] Started LSB: MD monitoring daemon.
[[0;32m  OK  [0m] Started Login to default iSCSI targets.
[[0;32m  OK  [0m] Reached target Remote File Systems (Pre).
[[0;32m  OK  [0m] Reached target Remote File Systems.
         Starting LSB: automatic crash report generation...
         Starting LSB: Apache2 web server...
         Starting Permit User Sessions...
         Starting LSB: daemon to balance interrupts for SMP systems...
         Starting LSB: Set the CPU Frequency Scaling governor to "ondemand"...
[[0;32m  OK  [0m] Started LXD - container startup/shutdown.
[[0;32m  OK  [0m] Started Permit User Sessions.
[[0;32m  OK  [0m] Started Authenticate and Authorize Users to Run Privileged Tasks.
[[0;32m  OK  [0m] Started Accounts Service.
[[0;32m  OK  [0m] Started Virtualbox guest utils.
         Starting Terminate Plymouth Boot Screen...
         Starting Hold until boot process finishes up...
[[0;32m  OK  [0m] Started Terminate Plymouth Boot Screen.
[[0;32m  OK  [0m] Started LSB: Set the CPU Frequency Scaling governor to "ondemand".
[[0;32m  OK  [0m] Started Hold until boot process finishes up.
[[0;32m  OK  [0m] Started Getty on tty1.
         Starting Set console scheme...
[[0;32m  OK  [0m] Started Serial Getty on ttyS0.
[[0;32m  OK  [0m] Reached target Login Prompts.
[[0;32m  OK  [0m] Started LSB: automatic crash report generation.
[[0;32m  OK  [0m] Started LSB: daemon to balance interrupts for SMP systems.
[[0;32m  OK  [0m] Started Set console scheme.
[[0;32m  OK  [0m] Started Clean php session files.
[[0;32m  OK  [0m] Started Snappy daemon.
         Starting Wait until snapd is fully seeded...
[[0;32m  OK  [0m] Started Wait until snapd is fully seeded.
         Starting Apply the settings specified in cloud-config...
[[0;32m  OK  [0m] Started LSB: Apache2 web server.
[[0;32m  OK  [0m] Started Message of the Day.
[  353.351411] cloud-init[1448]: Cloud-init v. 19.4-33-gbb4131a2-0ubuntu1~16.04.1 running 'modules:config' at Tue, 30 Jun 2020 07:12:02 +0000. Up 353.24 seconds.
[[0;32m  OK  [0m] Started Apply the settings specified in cloud-config.
[[0;32m  OK  [0m] Started MySQL Community Server.
[[0;32m  OK  [0m] Reached target Multi-User System.
         Starting Execute cloud user/final scripts...
[[0;32m  OK  [0m] Reached target Graphical Interface.
         Starting Update UTMP about System Runlevel Changes...
[[0;32m  OK  [0m] Started Update UTMP about System Runlevel Changes.
[  354.425150] cloud-init[1508]: Cloud-init v. 19.4-33-gbb4131a2-0ubuntu1~16.04.1 running 'modules:final' at Tue, 30 Jun 2020 07:12:03 +0000. Up 354.31 seconds.
[  354.437786] cloud-init[1508]: Cloud-init v. 19.4-33-gbb4131a2-0ubuntu1~16.04.1 finished at Tue, 30 Jun 2020 07:12:03 +0000. Datasource DataSourceNoCloud [seed=/dev/sdb][dsmode=net].  Up 354.41 seconds
[[0;32m  OK  [0m] Started Execute cloud user/final scripts.
         Starting Daily apt download activities...
[[0;32m  OK  [0m] Reached target Cloud-init target.

Ubuntu 16.04.6 LTS ubuntu-xenial ttyS0

ubuntu-xenial login: [[0;32m  OK  [0m] Stopped target Cloud-init target.
[[0;32m  OK  [0m] Stopped Execute cloud user/final scripts.
[[0;32m  OK  [0m] Stopped target Timers.
[[0;32m  OK  [0m] Stopped Daily apt upgrade and clean activities.
[[0;32m  OK  [0m] Stopped Message of the Day.
[[0;32m  OK  [0m] Stopped Clean PHP session files every 30 mins.
[[0;32m  OK  [0m] Stopped Daily Cleanup of Temporary Directories.
         Stopping Authenticate and Authorize Users to Run Privileged Tasks...
[[0;32m  OK  [0m] Stopped target Graphical Interface.
[[0;32m  OK  [0m] Stopped target Multi-User System.
         Stopping System Logging Service...
         Stopping OpenBSD Secure Shell server...
         Stopping Deferred execution scheduler...
         Stopping LSB: Apache2 web server...
         Stopping LSB: automatic crash report generation...
         Stopping LSB: MD monitoring daemon...
         Stopping Virtualbox guest utils...
         Stopping LXD - container startup/shutdown...
         Stopping Accounts Service...
         Stopping FUSE filesystem for LXC...
[[0;32m  OK  [0m] Closed Load/Save RF Kill Switch Status /dev/rfkill Watch.
         Stopping MySQL Community Server...
         Stopping ACPI event daemon...
[[0;32m         Stopping Serial Getty on ttyS0...
         Stopping Getty on tty1...
         Stopping D-Bus System Message Bus...
         Stopping Regular background program processing daemon...
         Stopping LSB: Record successful boot for GRUB...
         Stopping LSB: daemon to balance interrupts for SMP systems...
         Stopping User Manager for UID 1000...
         Stopping LSB: Set the CPU Frequency Scaling governor to "ondemand"...
[[0;32m  OK  [0m] Stopped Apply the settings specified in cloud-config.
[[0;32m  OK  [0m] Stopped target Cloud-config availability.
[[0;32m  OK  [0m] Stopped Wait until snapd is fully seeded.
         Stopping Session 2 of user vagrant.
[[0;32m  OK  [0m] Stopped Daily apt download activities.
[[0;32m  OK  [0m] Stopped target System Time Synchronized.
[[0;32m  OK  [0m] Unmounted /var/lib/lxcfs.
[[0;32m  OK  [0m] Stopped ACPI event daemon.
[[0;32m  OK  [0m] Stopped System Logging Service.
[[0;32m  OK  [0m] Stopped Accounts Service.
[[0;32m  OK  [0m] Stopped Regular background program processing daemon.
[[0;32m  OK  [0m] Stopped Deferred execution scheduler.
[[0;32m  OK  [0m] Stopped OpenBSD Secure Shell server.
[[0;32m  OK  [0m] Stopped Authenticate and Authorize Users to Run Privileged Tasks.
[[0;32m  OK  [0m] Stopped Getty on tty1.
[[0;32m  OK  [0m] Stopped Serial Getty on ttyS0.
[[0;32m  OK  [0m] Stopped User Manager for UID 1000.
[[0;32m  OK  [0m] Stopped D-Bus System Message Bus.
[[0;32m  OK  [0m] Stopped Session 2 of user vagrant.
[[0;32m  OK  [0m] Stopped FUSE filesystem for LXC.
[[0;32m  OK  [0m] Stopped LSB: MD monitoring daemon.
[[0;32m  OK  [0m] Stopped LSB: automatic crash report generation.
[[0;32m  OK  [0m] Stopped LXD - container startup/shutdown.
[[0;32m  OK  [0m] Stopped Virtualbox guest utils.
[[0;32m  OK  [0m] Stopped LSB: Set the CPU Frequency Scaling governor to "ondemand".
[[0;32m  OK  [0m] Removed slice User Slice of vagrant.
         Stopping Login Service...
[[0;32m  OK  [0m] Removed slice system-serial\x2dgetty.slice.
[[0;32m  OK  [0m] Stopped /etc/rc.local Compatibility.
[[0;32m  OK  [0m] Removed slice system-getty.slice.
         Stopping Permit User Sessions...
[[0;32m  OK  [0m] Stopped LSB: Record successful boot for GRUB.
[[0;32m  OK  [0m] Stopped LSB: daemon to balance interrupts for SMP systems.
[[0;32m  OK  [0m] Stopped Permit User Sessions.
[[0;32m  OK  [0m] Stopped Login Service.
[[0;32m  OK  [0m] Stopped target User and Group Name Lookups.
[[0;32m  OK  [0m] Stopped MySQL Community Server.
[[0;32m  OK  [0m] Stopped LSB: Apache2 web server.
[[0;32m  OK  [0m] Stopped target Basic System.
[[0;32m  OK  [0m] Stopped target Paths.
[[0;32m  OK  [0m] Stopped Dispatch Password Requests to Console Directory Watch.
[[0;32m  OK  [0m] Stopped Forward Password Requests to Wall Directory Watch.
[[0;32m  OK  [0m] Stopped ACPI Events Check.
[[0;32m  OK  [0m] Stopped target Sockets.
[[0;32m  OK  [0m] Closed UUID daemon activation socket.
[[0;32m  OK  [0m] Closed LXD - unix socket.
[[0;32m  OK  [0m] Closed Socket activation for snappy daemon.
[[0;32m  OK  [0m] Closed D-Bus System Message Bus Socket.
[[0;32m  OK  [0m] Closed Syslog Socket.
[[0;32m  OK  [0m] Closed ACPID Listen Socket.
[[0;32m  OK  [0m] Stopped target System Initialization.
         Stopping Load/Save Random Seed...
         Stopping Update UTMP about System Boot/Shutdown...
[[0;32m  OK  [0m] Stopped target Swap.
[[0;32m  OK  [0m] Stopped target Encrypted Volumes.
[[0;32m  OK  [0m] Stopped target Slices.
[[0;32m  OK  [0m] Removed slice User and Session Slice.
[[0;32m  OK  [0m] Stopped target Remote File Systems.
[[0;32m  OK  [0m] Stopped target Remote File Systems (Pre).
         Stopping Login to default iSCSI targets...
[[0;32m  OK  [0m] Stopped Load/Save Random Seed.
[[0;32m  OK  [0m] Stopped Update UTMP about System Boot/Shutdown.
[[0;32m  OK  [0m] Stopped Create Volatile Files and Directories.
[[0;32m  OK  [0m] Stopped Login to default iSCSI targets.
         Stopping iSCSI initiator daemon (iscsid)...
[[0;32m  OK  [0m] Stopped iSCSI initiator daemon (iscsid).
[[0;32m  OK  [0m] Stopped target Network is Online.
[[0;32m  OK  [0m] Stopped Initial cloud-init job (metadata service crawler).
[[0;32m  OK  [0m] Stopped target Network.
         Stopping Raise network interfaces...
[[0;32m  OK  [0m] Stopped Raise network interfaces.
[[0;32m  OK  [0m] Stopped Apply Kernel Variables.
[[0;32m  OK  [0m] Stopped Load Kernel Modules.
[[0;32m  OK  [0m] Stopped target Local File Systems.
         Unmounting /run/user/1000...
[[0;32m  OK  [0m] Stopped target Network (Pre).
[[0;32m  OK  [0m] Stopped Initial cloud-init job (pre-networking).
[[0;32m  OK  [0m] Unmounted /run/user/1000.
[[0;32m  OK  [0m] Reached target Unmount All Filesystems.
[[0;32m  OK  [0m] Stopped target Local File Systems (Pre).
         Stopping Monitoring of LVM2 mirrors... dmeventd or progress polling...
[[0;32m  OK  [0m] Stopped Create Static Device Nodes in /dev.
[[0;32m  OK  [0m] Stopped Remount Root and Kernel File Systems.
[[0;32m  OK  [0m] Reached target Shutdown.
[  412.304776] reboot: Power down
